-------------------------------------------------------------------------------
Test set: com.siat.blueclub.service.ServiceTest
-------------------------------------------------------------------------------
Tests run: 4, Failures: 0, Errors: 4, Skipped: 0, Time elapsed: 4.015 s <<< FAILURE! - in com.siat.blueclub.service.ServiceTest
mybatisTest  Time elapsed: 0.001 s  <<< ERROR!
java.lang.IllegalStateException: Failed to load ApplicationContext
Caused by: org.springframework.beans.factory.UnsatisfiedDependencyException: Error creating bean with name 'productController': Unsatisfied dependency expressed through field 'proService'; nested exception is org.springframework.beans.factory.UnsatisfiedDependencyException: Error creating bean with name 'proServiceImpl': Unsatisfied dependency expressed through field 'productDao'; nested exception is org.springframework.beans.factory.UnsatisfiedDependencyException: Error creating bean with name 'productDao' defined in file [/Users/azabell/Desktop/SIAT_FinalProject/BackEnd/huisang/blueclub/target/classes/com/siat/blueclub/persistence/ProductDao.class]: Unsatisfied dependency expressed through bean property 'sqlSessionFactory'; nested exception is org.springframework.beans.factory.BeanCreationException: Error creating bean with name 'sqlSessionFactory' defined in class path resource [org/mybatis/spring/boot/autoconfigure/MybatisAutoConfiguration.class]: Bean instantiation via factory method failed; nested exception is org.springframework.beans.BeanInstantiationException: Failed to instantiate [org.apache.ibatis.session.SqlSessionFactory]: Factory method 'sqlSessionFactory' threw exception; nested exception is org.springframework.core.NestedIOException: Failed to parse mapping resource: 'file [/Users/azabell/Desktop/SIAT_FinalProject/BackEnd/huisang/blueclub/target/classes/mappers/product.xml]'; nested exception is org.apache.ibatis.builder.BuilderException: Error parsing Mapper XML. The XML location is 'file [/Users/azabell/Desktop/SIAT_FinalProject/BackEnd/huisang/blueclub/target/classes/mappers/product.xml]'. Cause: java.lang.IllegalArgumentException: Mapped Statements collection already contains value for com.siat.blueclub.persistence.ProductDao.getProductsByCategoryCodeRange. please check file [/Users/azabell/Desktop/SIAT_FinalProject/BackEnd/huisang/blueclub/target/classes/mappers/main.xml] and file [/Users/azabell/Desktop/SIAT_FinalProject/BackEnd/huisang/blueclub/target/classes/mappers/product.xml]
Caused by: org.springframework.beans.factory.UnsatisfiedDependencyException: Error creating bean with name 'proServiceImpl': Unsatisfied dependency expressed through field 'productDao'; nested exception is org.springframework.beans.factory.UnsatisfiedDependencyException: Error creating bean with name 'productDao' defined in file [/Users/azabell/Desktop/SIAT_FinalProject/BackEnd/huisang/blueclub/target/classes/com/siat/blueclub/persistence/ProductDao.class]: Unsatisfied dependency expressed through bean property 'sqlSessionFactory'; nested exception is org.springframework.beans.factory.BeanCreationException: Error creating bean with name 'sqlSessionFactory' defined in class path resource [org/mybatis/spring/boot/autoconfigure/MybatisAutoConfiguration.class]: Bean instantiation via factory method failed; nested exception is org.springframework.beans.BeanInstantiationException: Failed to instantiate [org.apache.ibatis.session.SqlSessionFactory]: Factory method 'sqlSessionFactory' threw exception; nested exception is org.springframework.core.NestedIOException: Failed to parse mapping resource: 'file [/Users/azabell/Desktop/SIAT_FinalProject/BackEnd/huisang/blueclub/target/classes/mappers/product.xml]'; nested exception is org.apache.ibatis.builder.BuilderException: Error parsing Mapper XML. The XML location is 'file [/Users/azabell/Desktop/SIAT_FinalProject/BackEnd/huisang/blueclub/target/classes/mappers/product.xml]'. Cause: java.lang.IllegalArgumentException: Mapped Statements collection already contains value for com.siat.blueclub.persistence.ProductDao.getProductsByCategoryCodeRange. please check file [/Users/azabell/Desktop/SIAT_FinalProject/BackEnd/huisang/blueclub/target/classes/mappers/main.xml] and file [/Users/azabell/Desktop/SIAT_FinalProject/BackEnd/huisang/blueclub/target/classes/mappers/product.xml]
Caused by: org.springframework.beans.factory.UnsatisfiedDependencyException: Error creating bean with name 'productDao' defined in file [/Users/azabell/Desktop/SIAT_FinalProject/BackEnd/huisang/blueclub/target/classes/com/siat/blueclub/persistence/ProductDao.class]: Unsatisfied dependency expressed through bean property 'sqlSessionFactory'; nested exception is org.springframework.beans.factory.BeanCreationException: Error creating bean with name 'sqlSessionFactory' defined in class path resource [org/mybatis/spring/boot/autoconfigure/MybatisAutoConfiguration.class]: Bean instantiation via factory method failed; nested exception is org.springframework.beans.BeanInstantiationException: Failed to instantiate [org.apache.ibatis.session.SqlSessionFactory]: Factory method 'sqlSessionFactory' threw exception; nested exception is org.springframework.core.NestedIOException: Failed to parse mapping resource: 'file [/Users/azabell/Desktop/SIAT_FinalProject/BackEnd/huisang/blueclub/target/classes/mappers/product.xml]'; nested exception is org.apache.ibatis.builder.BuilderException: Error parsing Mapper XML. The XML location is 'file [/Users/azabell/Desktop/SIAT_FinalProject/BackEnd/huisang/blueclub/target/classes/mappers/product.xml]'. Cause: java.lang.IllegalArgumentException: Mapped Statements collection already contains value for com.siat.blueclub.persistence.ProductDao.getProductsByCategoryCodeRange. please check file [/Users/azabell/Desktop/SIAT_FinalProject/BackEnd/huisang/blueclub/target/classes/mappers/main.xml] and file [/Users/azabell/Desktop/SIAT_FinalProject/BackEnd/huisang/blueclub/target/classes/mappers/product.xml]
Caused by: org.springframework.beans.factory.BeanCreationException: Error creating bean with name 'sqlSessionFactory' defined in class path resource [org/mybatis/spring/boot/autoconfigure/MybatisAutoConfiguration.class]: Bean instantiation via factory method failed; nested exception is org.springframework.beans.BeanInstantiationException: Failed to instantiate [org.apache.ibatis.session.SqlSessionFactory]: Factory method 'sqlSessionFactory' threw exception; nested exception is org.springframework.core.NestedIOException: Failed to parse mapping resource: 'file [/Users/azabell/Desktop/SIAT_FinalProject/BackEnd/huisang/blueclub/target/classes/mappers/product.xml]'; nested exception is org.apache.ibatis.builder.BuilderException: Error parsing Mapper XML. The XML location is 'file [/Users/azabell/Desktop/SIAT_FinalProject/BackEnd/huisang/blueclub/target/classes/mappers/product.xml]'. Cause: java.lang.IllegalArgumentException: Mapped Statements collection already contains value for com.siat.blueclub.persistence.ProductDao.getProductsByCategoryCodeRange. please check file [/Users/azabell/Desktop/SIAT_FinalProject/BackEnd/huisang/blueclub/target/classes/mappers/main.xml] and file [/Users/azabell/Desktop/SIAT_FinalProject/BackEnd/huisang/blueclub/target/classes/mappers/product.xml]
Caused by: org.springframework.beans.BeanInstantiationException: Failed to instantiate [org.apache.ibatis.session.SqlSessionFactory]: Factory method 'sqlSessionFactory' threw exception; nested exception is org.springframework.core.NestedIOException: Failed to parse mapping resource: 'file [/Users/azabell/Desktop/SIAT_FinalProject/BackEnd/huisang/blueclub/target/classes/mappers/product.xml]'; nested exception is org.apache.ibatis.builder.BuilderException: Error parsing Mapper XML. The XML location is 'file [/Users/azabell/Desktop/SIAT_FinalProject/BackEnd/huisang/blueclub/target/classes/mappers/product.xml]'. Cause: java.lang.IllegalArgumentException: Mapped Statements collection already contains value for com.siat.blueclub.persistence.ProductDao.getProductsByCategoryCodeRange. please check file [/Users/azabell/Desktop/SIAT_FinalProject/BackEnd/huisang/blueclub/target/classes/mappers/main.xml] and file [/Users/azabell/Desktop/SIAT_FinalProject/BackEnd/huisang/blueclub/target/classes/mappers/product.xml]
Caused by: org.springframework.core.NestedIOException: Failed to parse mapping resource: 'file [/Users/azabell/Desktop/SIAT_FinalProject/BackEnd/huisang/blueclub/target/classes/mappers/product.xml]'; nested exception is org.apache.ibatis.builder.BuilderException: Error parsing Mapper XML. The XML location is 'file [/Users/azabell/Desktop/SIAT_FinalProject/BackEnd/huisang/blueclub/target/classes/mappers/product.xml]'. Cause: java.lang.IllegalArgumentException: Mapped Statements collection already contains value for com.siat.blueclub.persistence.ProductDao.getProductsByCategoryCodeRange. please check file [/Users/azabell/Desktop/SIAT_FinalProject/BackEnd/huisang/blueclub/target/classes/mappers/main.xml] and file [/Users/azabell/Desktop/SIAT_FinalProject/BackEnd/huisang/blueclub/target/classes/mappers/product.xml]
Caused by: org.apache.ibatis.builder.BuilderException: Error parsing Mapper XML. The XML location is 'file [/Users/azabell/Desktop/SIAT_FinalProject/BackEnd/huisang/blueclub/target/classes/mappers/product.xml]'. Cause: java.lang.IllegalArgumentException: Mapped Statements collection already contains value for com.siat.blueclub.persistence.ProductDao.getProductsByCategoryCodeRange. please check file [/Users/azabell/Desktop/SIAT_FinalProject/BackEnd/huisang/blueclub/target/classes/mappers/main.xml] and file [/Users/azabell/Desktop/SIAT_FinalProject/BackEnd/huisang/blueclub/target/classes/mappers/product.xml]
Caused by: java.lang.IllegalArgumentException: Mapped Statements collection already contains value for com.siat.blueclub.persistence.ProductDao.getProductsByCategoryCodeRange. please check file [/Users/azabell/Desktop/SIAT_FinalProject/BackEnd/huisang/blueclub/target/classes/mappers/main.xml] and file [/Users/azabell/Desktop/SIAT_FinalProject/BackEnd/huisang/blueclub/target/classes/mappers/product.xml]

proTest  Time elapsed: 0.002 s  <<< ERROR!
java.lang.IllegalStateException: Failed to load ApplicationContext
Caused by: org.springframework.beans.factory.UnsatisfiedDependencyException: Error creating bean with name 'productController': Unsatisfied dependency expressed through field 'proService'; nested exception is org.springframework.beans.factory.UnsatisfiedDependencyException: Error creating bean with name 'proServiceImpl': Unsatisfied dependency expressed through field 'productDao'; nested exception is org.springframework.beans.factory.UnsatisfiedDependencyException: Error creating bean with name 'productDao' defined in file [/Users/azabell/Desktop/SIAT_FinalProject/BackEnd/huisang/blueclub/target/classes/com/siat/blueclub/persistence/ProductDao.class]: Unsatisfied dependency expressed through bean property 'sqlSessionFactory'; nested exception is org.springframework.beans.factory.BeanCreationException: Error creating bean with name 'sqlSessionFactory' defined in class path resource [org/mybatis/spring/boot/autoconfigure/MybatisAutoConfiguration.class]: Bean instantiation via factory method failed; nested exception is org.springframework.beans.BeanInstantiationException: Failed to instantiate [org.apache.ibatis.session.SqlSessionFactory]: Factory method 'sqlSessionFactory' threw exception; nested exception is org.springframework.core.NestedIOException: Failed to parse mapping resource: 'file [/Users/azabell/Desktop/SIAT_FinalProject/BackEnd/huisang/blueclub/target/classes/mappers/product.xml]'; nested exception is org.apache.ibatis.builder.BuilderException: Error parsing Mapper XML. The XML location is 'file [/Users/azabell/Desktop/SIAT_FinalProject/BackEnd/huisang/blueclub/target/classes/mappers/product.xml]'. Cause: java.lang.IllegalArgumentException: Mapped Statements collection already contains value for com.siat.blueclub.persistence.ProductDao.getProductsByCategoryCodeRange. please check file [/Users/azabell/Desktop/SIAT_FinalProject/BackEnd/huisang/blueclub/target/classes/mappers/main.xml] and file [/Users/azabell/Desktop/SIAT_FinalProject/BackEnd/huisang/blueclub/target/classes/mappers/product.xml]
Caused by: org.springframework.beans.factory.UnsatisfiedDependencyException: Error creating bean with name 'proServiceImpl': Unsatisfied dependency expressed through field 'productDao'; nested exception is org.springframework.beans.factory.UnsatisfiedDependencyException: Error creating bean with name 'productDao' defined in file [/Users/azabell/Desktop/SIAT_FinalProject/BackEnd/huisang/blueclub/target/classes/com/siat/blueclub/persistence/ProductDao.class]: Unsatisfied dependency expressed through bean property 'sqlSessionFactory'; nested exception is org.springframework.beans.factory.BeanCreationException: Error creating bean with name 'sqlSessionFactory' defined in class path resource [org/mybatis/spring/boot/autoconfigure/MybatisAutoConfiguration.class]: Bean instantiation via factory method failed; nested exception is org.springframework.beans.BeanInstantiationException: Failed to instantiate [org.apache.ibatis.session.SqlSessionFactory]: Factory method 'sqlSessionFactory' threw exception; nested exception is org.springframework.core.NestedIOException: Failed to parse mapping resource: 'file [/Users/azabell/Desktop/SIAT_FinalProject/BackEnd/huisang/blueclub/target/classes/mappers/product.xml]'; nested exception is org.apache.ibatis.builder.BuilderException: Error parsing Mapper XML. The XML location is 'file [/Users/azabell/Desktop/SIAT_FinalProject/BackEnd/huisang/blueclub/target/classes/mappers/product.xml]'. Cause: java.lang.IllegalArgumentException: Mapped Statements collection already contains value for com.siat.blueclub.persistence.ProductDao.getProductsByCategoryCodeRange. please check file [/Users/azabell/Desktop/SIAT_FinalProject/BackEnd/huisang/blueclub/target/classes/mappers/main.xml] and file [/Users/azabell/Desktop/SIAT_FinalProject/BackEnd/huisang/blueclub/target/classes/mappers/product.xml]
Caused by: org.springframework.beans.factory.UnsatisfiedDependencyException: Error creating bean with name 'productDao' defined in file [/Users/azabell/Desktop/SIAT_FinalProject/BackEnd/huisang/blueclub/target/classes/com/siat/blueclub/persistence/ProductDao.class]: Unsatisfied dependency expressed through bean property 'sqlSessionFactory'; nested exception is org.springframework.beans.factory.BeanCreationException: Error creating bean with name 'sqlSessionFactory' defined in class path resource [org/mybatis/spring/boot/autoconfigure/MybatisAutoConfiguration.class]: Bean instantiation via factory method failed; nested exception is org.springframework.beans.BeanInstantiationException: Failed to instantiate [org.apache.ibatis.session.SqlSessionFactory]: Factory method 'sqlSessionFactory' threw exception; nested exception is org.springframework.core.NestedIOException: Failed to parse mapping resource: 'file [/Users/azabell/Desktop/SIAT_FinalProject/BackEnd/huisang/blueclub/target/classes/mappers/product.xml]'; nested exception is org.apache.ibatis.builder.BuilderException: Error parsing Mapper XML. The XML location is 'file [/Users/azabell/Desktop/SIAT_FinalProject/BackEnd/huisang/blueclub/target/classes/mappers/product.xml]'. Cause: java.lang.IllegalArgumentException: Mapped Statements collection already contains value for com.siat.blueclub.persistence.ProductDao.getProductsByCategoryCodeRange. please check file [/Users/azabell/Desktop/SIAT_FinalProject/BackEnd/huisang/blueclub/target/classes/mappers/main.xml] and file [/Users/azabell/Desktop/SIAT_FinalProject/BackEnd/huisang/blueclub/target/classes/mappers/product.xml]
Caused by: org.springframework.beans.factory.BeanCreationException: Error creating bean with name 'sqlSessionFactory' defined in class path resource [org/mybatis/spring/boot/autoconfigure/MybatisAutoConfiguration.class]: Bean instantiation via factory method failed; nested exception is org.springframework.beans.BeanInstantiationException: Failed to instantiate [org.apache.ibatis.session.SqlSessionFactory]: Factory method 'sqlSessionFactory' threw exception; nested exception is org.springframework.core.NestedIOException: Failed to parse mapping resource: 'file [/Users/azabell/Desktop/SIAT_FinalProject/BackEnd/huisang/blueclub/target/classes/mappers/product.xml]'; nested exception is org.apache.ibatis.builder.BuilderException: Error parsing Mapper XML. The XML location is 'file [/Users/azabell/Desktop/SIAT_FinalProject/BackEnd/huisang/blueclub/target/classes/mappers/product.xml]'. Cause: java.lang.IllegalArgumentException: Mapped Statements collection already contains value for com.siat.blueclub.persistence.ProductDao.getProductsByCategoryCodeRange. please check file [/Users/azabell/Desktop/SIAT_FinalProject/BackEnd/huisang/blueclub/target/classes/mappers/main.xml] and file [/Users/azabell/Desktop/SIAT_FinalProject/BackEnd/huisang/blueclub/target/classes/mappers/product.xml]
Caused by: org.springframework.beans.BeanInstantiationException: Failed to instantiate [org.apache.ibatis.session.SqlSessionFactory]: Factory method 'sqlSessionFactory' threw exception; nested exception is org.springframework.core.NestedIOException: Failed to parse mapping resource: 'file [/Users/azabell/Desktop/SIAT_FinalProject/BackEnd/huisang/blueclub/target/classes/mappers/product.xml]'; nested exception is org.apache.ibatis.builder.BuilderException: Error parsing Mapper XML. The XML location is 'file [/Users/azabell/Desktop/SIAT_FinalProject/BackEnd/huisang/blueclub/target/classes/mappers/product.xml]'. Cause: java.lang.IllegalArgumentException: Mapped Statements collection already contains value for com.siat.blueclub.persistence.ProductDao.getProductsByCategoryCodeRange. please check file [/Users/azabell/Desktop/SIAT_FinalProject/BackEnd/huisang/blueclub/target/classes/mappers/main.xml] and file [/Users/azabell/Desktop/SIAT_FinalProject/BackEnd/huisang/blueclub/target/classes/mappers/product.xml]
Caused by: org.springframework.core.NestedIOException: Failed to parse mapping resource: 'file [/Users/azabell/Desktop/SIAT_FinalProject/BackEnd/huisang/blueclub/target/classes/mappers/product.xml]'; nested exception is org.apache.ibatis.builder.BuilderException: Error parsing Mapper XML. The XML location is 'file [/Users/azabell/Desktop/SIAT_FinalProject/BackEnd/huisang/blueclub/target/classes/mappers/product.xml]'. Cause: java.lang.IllegalArgumentException: Mapped Statements collection already contains value for com.siat.blueclub.persistence.ProductDao.getProductsByCategoryCodeRange. please check file [/Users/azabell/Desktop/SIAT_FinalProject/BackEnd/huisang/blueclub/target/classes/mappers/main.xml] and file [/Users/azabell/Desktop/SIAT_FinalProject/BackEnd/huisang/blueclub/target/classes/mappers/product.xml]
Caused by: org.apache.ibatis.builder.BuilderException: Error parsing Mapper XML. The XML location is 'file [/Users/azabell/Desktop/SIAT_FinalProject/BackEnd/huisang/blueclub/target/classes/mappers/product.xml]'. Cause: java.lang.IllegalArgumentException: Mapped Statements collection already contains value for com.siat.blueclub.persistence.ProductDao.getProductsByCategoryCodeRange. please check file [/Users/azabell/Desktop/SIAT_FinalProject/BackEnd/huisang/blueclub/target/classes/mappers/main.xml] and file [/Users/azabell/Desktop/SIAT_FinalProject/BackEnd/huisang/blueclub/target/classes/mappers/product.xml]
Caused by: java.lang.IllegalArgumentException: Mapped Statements collection already contains value for com.siat.blueclub.persistence.ProductDao.getProductsByCategoryCodeRange. please check file [/Users/azabell/Desktop/SIAT_FinalProject/BackEnd/huisang/blueclub/target/classes/mappers/main.xml] and file [/Users/azabell/Desktop/SIAT_FinalProject/BackEnd/huisang/blueclub/target/classes/mappers/product.xml]

cartTest  Time elapsed: 0.001 s  <<< ERROR!
java.lang.IllegalStateException: Failed to load ApplicationContext
Caused by: org.springframework.beans.factory.UnsatisfiedDependencyException: Error creating bean with name 'productController': Unsatisfied dependency expressed through field 'proService'; nested exception is org.springframework.beans.factory.UnsatisfiedDependencyException: Error creating bean with name 'proServiceImpl': Unsatisfied dependency expressed through field 'productDao'; nested exception is org.springframework.beans.factory.UnsatisfiedDependencyException: Error creating bean with name 'productDao' defined in file [/Users/azabell/Desktop/SIAT_FinalProject/BackEnd/huisang/blueclub/target/classes/com/siat/blueclub/persistence/ProductDao.class]: Unsatisfied dependency expressed through bean property 'sqlSessionFactory'; nested exception is org.springframework.beans.factory.BeanCreationException: Error creating bean with name 'sqlSessionFactory' defined in class path resource [org/mybatis/spring/boot/autoconfigure/MybatisAutoConfiguration.class]: Bean instantiation via factory method failed; nested exception is org.springframework.beans.BeanInstantiationException: Failed to instantiate [org.apache.ibatis.session.SqlSessionFactory]: Factory method 'sqlSessionFactory' threw exception; nested exception is org.springframework.core.NestedIOException: Failed to parse mapping resource: 'file [/Users/azabell/Desktop/SIAT_FinalProject/BackEnd/huisang/blueclub/target/classes/mappers/product.xml]'; nested exception is org.apache.ibatis.builder.BuilderException: Error parsing Mapper XML. The XML location is 'file [/Users/azabell/Desktop/SIAT_FinalProject/BackEnd/huisang/blueclub/target/classes/mappers/product.xml]'. Cause: java.lang.IllegalArgumentException: Mapped Statements collection already contains value for com.siat.blueclub.persistence.ProductDao.getProductsByCategoryCodeRange. please check file [/Users/azabell/Desktop/SIAT_FinalProject/BackEnd/huisang/blueclub/target/classes/mappers/main.xml] and file [/Users/azabell/Desktop/SIAT_FinalProject/BackEnd/huisang/blueclub/target/classes/mappers/product.xml]
Caused by: org.springframework.beans.factory.UnsatisfiedDependencyException: Error creating bean with name 'proServiceImpl': Unsatisfied dependency expressed through field 'productDao'; nested exception is org.springframework.beans.factory.UnsatisfiedDependencyException: Error creating bean with name 'productDao' defined in file [/Users/azabell/Desktop/SIAT_FinalProject/BackEnd/huisang/blueclub/target/classes/com/siat/blueclub/persistence/ProductDao.class]: Unsatisfied dependency expressed through bean property 'sqlSessionFactory'; nested exception is org.springframework.beans.factory.BeanCreationException: Error creating bean with name 'sqlSessionFactory' defined in class path resource [org/mybatis/spring/boot/autoconfigure/MybatisAutoConfiguration.class]: Bean instantiation via factory method failed; nested exception is org.springframework.beans.BeanInstantiationException: Failed to instantiate [org.apache.ibatis.session.SqlSessionFactory]: Factory method 'sqlSessionFactory' threw exception; nested exception is org.springframework.core.NestedIOException: Failed to parse mapping resource: 'file [/Users/azabell/Desktop/SIAT_FinalProject/BackEnd/huisang/blueclub/target/classes/mappers/product.xml]'; nested exception is org.apache.ibatis.builder.BuilderException: Error parsing Mapper XML. The XML location is 'file [/Users/azabell/Desktop/SIAT_FinalProject/BackEnd/huisang/blueclub/target/classes/mappers/product.xml]'. Cause: java.lang.IllegalArgumentException: Mapped Statements collection already contains value for com.siat.blueclub.persistence.ProductDao.getProductsByCategoryCodeRange. please check file [/Users/azabell/Desktop/SIAT_FinalProject/BackEnd/huisang/blueclub/target/classes/mappers/main.xml] and file [/Users/azabell/Desktop/SIAT_FinalProject/BackEnd/huisang/blueclub/target/classes/mappers/product.xml]
Caused by: org.springframework.beans.factory.UnsatisfiedDependencyException: Error creating bean with name 'productDao' defined in file [/Users/azabell/Desktop/SIAT_FinalProject/BackEnd/huisang/blueclub/target/classes/com/siat/blueclub/persistence/ProductDao.class]: Unsatisfied dependency expressed through bean property 'sqlSessionFactory'; nested exception is org.springframework.beans.factory.BeanCreationException: Error creating bean with name 'sqlSessionFactory' defined in class path resource [org/mybatis/spring/boot/autoconfigure/MybatisAutoConfiguration.class]: Bean instantiation via factory method failed; nested exception is org.springframework.beans.BeanInstantiationException: Failed to instantiate [org.apache.ibatis.session.SqlSessionFactory]: Factory method 'sqlSessionFactory' threw exception; nested exception is org.springframework.core.NestedIOException: Failed to parse mapping resource: 'file [/Users/azabell/Desktop/SIAT_FinalProject/BackEnd/huisang/blueclub/target/classes/mappers/product.xml]'; nested exception is org.apache.ibatis.builder.BuilderException: Error parsing Mapper XML. The XML location is 'file [/Users/azabell/Desktop/SIAT_FinalProject/BackEnd/huisang/blueclub/target/classes/mappers/product.xml]'. Cause: java.lang.IllegalArgumentException: Mapped Statements collection already contains value for com.siat.blueclub.persistence.ProductDao.getProductsByCategoryCodeRange. please check file [/Users/azabell/Desktop/SIAT_FinalProject/BackEnd/huisang/blueclub/target/classes/mappers/main.xml] and file [/Users/azabell/Desktop/SIAT_FinalProject/BackEnd/huisang/blueclub/target/classes/mappers/product.xml]
Caused by: org.springframework.beans.factory.BeanCreationException: Error creating bean with name 'sqlSessionFactory' defined in class path resource [org/mybatis/spring/boot/autoconfigure/MybatisAutoConfiguration.class]: Bean instantiation via factory method failed; nested exception is org.springframework.beans.BeanInstantiationException: Failed to instantiate [org.apache.ibatis.session.SqlSessionFactory]: Factory method 'sqlSessionFactory' threw exception; nested exception is org.springframework.core.NestedIOException: Failed to parse mapping resource: 'file [/Users/azabell/Desktop/SIAT_FinalProject/BackEnd/huisang/blueclub/target/classes/mappers/product.xml]'; nested exception is org.apache.ibatis.builder.BuilderException: Error parsing Mapper XML. The XML location is 'file [/Users/azabell/Desktop/SIAT_FinalProject/BackEnd/huisang/blueclub/target/classes/mappers/product.xml]'. Cause: java.lang.IllegalArgumentException: Mapped Statements collection already contains value for com.siat.blueclub.persistence.ProductDao.getProductsByCategoryCodeRange. please check file [/Users/azabell/Desktop/SIAT_FinalProject/BackEnd/huisang/blueclub/target/classes/mappers/main.xml] and file [/Users/azabell/Desktop/SIAT_FinalProject/BackEnd/huisang/blueclub/target/classes/mappers/product.xml]
Caused by: org.springframework.beans.BeanInstantiationException: Failed to instantiate [org.apache.ibatis.session.SqlSessionFactory]: Factory method 'sqlSessionFactory' threw exception; nested exception is org.springframework.core.NestedIOException: Failed to parse mapping resource: 'file [/Users/azabell/Desktop/SIAT_FinalProject/BackEnd/huisang/blueclub/target/classes/mappers/product.xml]'; nested exception is org.apache.ibatis.builder.BuilderException: Error parsing Mapper XML. The XML location is 'file [/Users/azabell/Desktop/SIAT_FinalProject/BackEnd/huisang/blueclub/target/classes/mappers/product.xml]'. Cause: java.lang.IllegalArgumentException: Mapped Statements collection already contains value for com.siat.blueclub.persistence.ProductDao.getProductsByCategoryCodeRange. please check file [/Users/azabell/Desktop/SIAT_FinalProject/BackEnd/huisang/blueclub/target/classes/mappers/main.xml] and file [/Users/azabell/Desktop/SIAT_FinalProject/BackEnd/huisang/blueclub/target/classes/mappers/product.xml]
Caused by: org.springframework.core.NestedIOException: Failed to parse mapping resource: 'file [/Users/azabell/Desktop/SIAT_FinalProject/BackEnd/huisang/blueclub/target/classes/mappers/product.xml]'; nested exception is org.apache.ibatis.builder.BuilderException: Error parsing Mapper XML. The XML location is 'file [/Users/azabell/Desktop/SIAT_FinalProject/BackEnd/huisang/blueclub/target/classes/mappers/product.xml]'. Cause: java.lang.IllegalArgumentException: Mapped Statements collection already contains value for com.siat.blueclub.persistence.ProductDao.getProductsByCategoryCodeRange. please check file [/Users/azabell/Desktop/SIAT_FinalProject/BackEnd/huisang/blueclub/target/classes/mappers/main.xml] and file [/Users/azabell/Desktop/SIAT_FinalProject/BackEnd/huisang/blueclub/target/classes/mappers/product.xml]
Caused by: org.apache.ibatis.builder.BuilderException: Error parsing Mapper XML. The XML location is 'file [/Users/azabell/Desktop/SIAT_FinalProject/BackEnd/huisang/blueclub/target/classes/mappers/product.xml]'. Cause: java.lang.IllegalArgumentException: Mapped Statements collection already contains value for com.siat.blueclub.persistence.ProductDao.getProductsByCategoryCodeRange. please check file [/Users/azabell/Desktop/SIAT_FinalProject/BackEnd/huisang/blueclub/target/classes/mappers/main.xml] and file [/Users/azabell/Desktop/SIAT_FinalProject/BackEnd/huisang/blueclub/target/classes/mappers/product.xml]
Caused by: java.lang.IllegalArgumentException: Mapped Statements collection already contains value for com.siat.blueclub.persistence.ProductDao.getProductsByCategoryCodeRange. please check file [/Users/azabell/Desktop/SIAT_FinalProject/BackEnd/huisang/blueclub/target/classes/mappers/main.xml] and file [/Users/azabell/Desktop/SIAT_FinalProject/BackEnd/huisang/blueclub/target/classes/mappers/product.xml]

categoryTest  Time elapsed: 0.003 s  <<< ERROR!
java.lang.IllegalStateException: Failed to load ApplicationContext
Caused by: org.springframework.beans.factory.UnsatisfiedDependencyException: Error creating bean with name 'productController': Unsatisfied dependency expressed through field 'proService'; nested exception is org.springframework.beans.factory.UnsatisfiedDependencyException: Error creating bean with name 'proServiceImpl': Unsatisfied dependency expressed through field 'productDao'; nested exception is org.springframework.beans.factory.UnsatisfiedDependencyException: Error creating bean with name 'productDao' defined in file [/Users/azabell/Desktop/SIAT_FinalProject/BackEnd/huisang/blueclub/target/classes/com/siat/blueclub/persistence/ProductDao.class]: Unsatisfied dependency expressed through bean property 'sqlSessionFactory'; nested exception is org.springframework.beans.factory.BeanCreationException: Error creating bean with name 'sqlSessionFactory' defined in class path resource [org/mybatis/spring/boot/autoconfigure/MybatisAutoConfiguration.class]: Bean instantiation via factory method failed; nested exception is org.springframework.beans.BeanInstantiationException: Failed to instantiate [org.apache.ibatis.session.SqlSessionFactory]: Factory method 'sqlSessionFactory' threw exception; nested exception is org.springframework.core.NestedIOException: Failed to parse mapping resource: 'file [/Users/azabell/Desktop/SIAT_FinalProject/BackEnd/huisang/blueclub/target/classes/mappers/product.xml]'; nested exception is org.apache.ibatis.builder.BuilderException: Error parsing Mapper XML. The XML location is 'file [/Users/azabell/Desktop/SIAT_FinalProject/BackEnd/huisang/blueclub/target/classes/mappers/product.xml]'. Cause: java.lang.IllegalArgumentException: Mapped Statements collection already contains value for com.siat.blueclub.persistence.ProductDao.getProductsByCategoryCodeRange. please check file [/Users/azabell/Desktop/SIAT_FinalProject/BackEnd/huisang/blueclub/target/classes/mappers/main.xml] and file [/Users/azabell/Desktop/SIAT_FinalProject/BackEnd/huisang/blueclub/target/classes/mappers/product.xml]
Caused by: org.springframework.beans.factory.UnsatisfiedDependencyException: Error creating bean with name 'proServiceImpl': Unsatisfied dependency expressed through field 'productDao'; nested exception is org.springframework.beans.factory.UnsatisfiedDependencyException: Error creating bean with name 'productDao' defined in file [/Users/azabell/Desktop/SIAT_FinalProject/BackEnd/huisang/blueclub/target/classes/com/siat/blueclub/persistence/ProductDao.class]: Unsatisfied dependency expressed through bean property 'sqlSessionFactory'; nested exception is org.springframework.beans.factory.BeanCreationException: Error creating bean with name 'sqlSessionFactory' defined in class path resource [org/mybatis/spring/boot/autoconfigure/MybatisAutoConfiguration.class]: Bean instantiation via factory method failed; nested exception is org.springframework.beans.BeanInstantiationException: Failed to instantiate [org.apache.ibatis.session.SqlSessionFactory]: Factory method 'sqlSessionFactory' threw exception; nested exception is org.springframework.core.NestedIOException: Failed to parse mapping resource: 'file [/Users/azabell/Desktop/SIAT_FinalProject/BackEnd/huisang/blueclub/target/classes/mappers/product.xml]'; nested exception is org.apache.ibatis.builder.BuilderException: Error parsing Mapper XML. The XML location is 'file [/Users/azabell/Desktop/SIAT_FinalProject/BackEnd/huisang/blueclub/target/classes/mappers/product.xml]'. Cause: java.lang.IllegalArgumentException: Mapped Statements collection already contains value for com.siat.blueclub.persistence.ProductDao.getProductsByCategoryCodeRange. please check file [/Users/azabell/Desktop/SIAT_FinalProject/BackEnd/huisang/blueclub/target/classes/mappers/main.xml] and file [/Users/azabell/Desktop/SIAT_FinalProject/BackEnd/huisang/blueclub/target/classes/mappers/product.xml]
Caused by: org.springframework.beans.factory.UnsatisfiedDependencyException: Error creating bean with name 'productDao' defined in file [/Users/azabell/Desktop/SIAT_FinalProject/BackEnd/huisang/blueclub/target/classes/com/siat/blueclub/persistence/ProductDao.class]: Unsatisfied dependency expressed through bean property 'sqlSessionFactory'; nested exception is org.springframework.beans.factory.BeanCreationException: Error creating bean with name 'sqlSessionFactory' defined in class path resource [org/mybatis/spring/boot/autoconfigure/MybatisAutoConfiguration.class]: Bean instantiation via factory method failed; nested exception is org.springframework.beans.BeanInstantiationException: Failed to instantiate [org.apache.ibatis.session.SqlSessionFactory]: Factory method 'sqlSessionFactory' threw exception; nested exception is org.springframework.core.NestedIOException: Failed to parse mapping resource: 'file [/Users/azabell/Desktop/SIAT_FinalProject/BackEnd/huisang/blueclub/target/classes/mappers/product.xml]'; nested exception is org.apache.ibatis.builder.BuilderException: Error parsing Mapper XML. The XML location is 'file [/Users/azabell/Desktop/SIAT_FinalProject/BackEnd/huisang/blueclub/target/classes/mappers/product.xml]'. Cause: java.lang.IllegalArgumentException: Mapped Statements collection already contains value for com.siat.blueclub.persistence.ProductDao.getProductsByCategoryCodeRange. please check file [/Users/azabell/Desktop/SIAT_FinalProject/BackEnd/huisang/blueclub/target/classes/mappers/main.xml] and file [/Users/azabell/Desktop/SIAT_FinalProject/BackEnd/huisang/blueclub/target/classes/mappers/product.xml]
Caused by: org.springframework.beans.factory.BeanCreationException: Error creating bean with name 'sqlSessionFactory' defined in class path resource [org/mybatis/spring/boot/autoconfigure/MybatisAutoConfiguration.class]: Bean instantiation via factory method failed; nested exception is org.springframework.beans.BeanInstantiationException: Failed to instantiate [org.apache.ibatis.session.SqlSessionFactory]: Factory method 'sqlSessionFactory' threw exception; nested exception is org.springframework.core.NestedIOException: Failed to parse mapping resource: 'file [/Users/azabell/Desktop/SIAT_FinalProject/BackEnd/huisang/blueclub/target/classes/mappers/product.xml]'; nested exception is org.apache.ibatis.builder.BuilderException: Error parsing Mapper XML. The XML location is 'file [/Users/azabell/Desktop/SIAT_FinalProject/BackEnd/huisang/blueclub/target/classes/mappers/product.xml]'. Cause: java.lang.IllegalArgumentException: Mapped Statements collection already contains value for com.siat.blueclub.persistence.ProductDao.getProductsByCategoryCodeRange. please check file [/Users/azabell/Desktop/SIAT_FinalProject/BackEnd/huisang/blueclub/target/classes/mappers/main.xml] and file [/Users/azabell/Desktop/SIAT_FinalProject/BackEnd/huisang/blueclub/target/classes/mappers/product.xml]
Caused by: org.springframework.beans.BeanInstantiationException: Failed to instantiate [org.apache.ibatis.session.SqlSessionFactory]: Factory method 'sqlSessionFactory' threw exception; nested exception is org.springframework.core.NestedIOException: Failed to parse mapping resource: 'file [/Users/azabell/Desktop/SIAT_FinalProject/BackEnd/huisang/blueclub/target/classes/mappers/product.xml]'; nested exception is org.apache.ibatis.builder.BuilderException: Error parsing Mapper XML. The XML location is 'file [/Users/azabell/Desktop/SIAT_FinalProject/BackEnd/huisang/blueclub/target/classes/mappers/product.xml]'. Cause: java.lang.IllegalArgumentException: Mapped Statements collection already contains value for com.siat.blueclub.persistence.ProductDao.getProductsByCategoryCodeRange. please check file [/Users/azabell/Desktop/SIAT_FinalProject/BackEnd/huisang/blueclub/target/classes/mappers/main.xml] and file [/Users/azabell/Desktop/SIAT_FinalProject/BackEnd/huisang/blueclub/target/classes/mappers/product.xml]
Caused by: org.springframework.core.NestedIOException: Failed to parse mapping resource: 'file [/Users/azabell/Desktop/SIAT_FinalProject/BackEnd/huisang/blueclub/target/classes/mappers/product.xml]'; nested exception is org.apache.ibatis.builder.BuilderException: Error parsing Mapper XML. The XML location is 'file [/Users/azabell/Desktop/SIAT_FinalProject/BackEnd/huisang/blueclub/target/classes/mappers/product.xml]'. Cause: java.lang.IllegalArgumentException: Mapped Statements collection already contains value for com.siat.blueclub.persistence.ProductDao.getProductsByCategoryCodeRange. please check file [/Users/azabell/Desktop/SIAT_FinalProject/BackEnd/huisang/blueclub/target/classes/mappers/main.xml] and file [/Users/azabell/Desktop/SIAT_FinalProject/BackEnd/huisang/blueclub/target/classes/mappers/product.xml]
Caused by: org.apache.ibatis.builder.BuilderException: Error parsing Mapper XML. The XML location is 'file [/Users/azabell/Desktop/SIAT_FinalProject/BackEnd/huisang/blueclub/target/classes/mappers/product.xml]'. Cause: java.lang.IllegalArgumentException: Mapped Statements collection already contains value for com.siat.blueclub.persistence.ProductDao.getProductsByCategoryCodeRange. please check file [/Users/azabell/Desktop/SIAT_FinalProject/BackEnd/huisang/blueclub/target/classes/mappers/main.xml] and file [/Users/azabell/Desktop/SIAT_FinalProject/BackEnd/huisang/blueclub/target/classes/mappers/product.xml]
Caused by: java.lang.IllegalArgumentException: Mapped Statements collection already contains value for com.siat.blueclub.persistence.ProductDao.getProductsByCategoryCodeRange. please check file [/Users/azabell/Desktop/SIAT_FinalProject/BackEnd/huisang/blueclub/target/classes/mappers/main.xml] and file [/Users/azabell/Desktop/SIAT_FinalProject/BackEnd/huisang/blueclub/target/classes/mappers/product.xml]

