<?xml version="1.0" encoding="UTF-8"?>
<testsuite xmlns:xsi="http://www.w3.org/2001/XMLSchema-instance" xsi:noNamespaceSchemaLocation="https://maven.apache.org/surefire/maven-surefire-plugin/xsd/surefire-test-report.xsd" name="com.siat.blueclub.persistence.RepositoryTest" time="0.002" tests="1" errors="0" skipped="1" failures="0">
  <properties>
[...]
</properties>
  <testcase name="sampleData" classname="com.siat.blueclub.persistence.RepositoryTest" time="0">
    <skipped message="public void com.siat.blueclub.persistence.RepositoryTest.sampleData() is @Disabled"/>
    <system-out><![CDATA[2022-07-22 21:27:46.532  INFO 6631 --- [           main] .b.t.c.SpringBootTestContextBootstrapper : Neither @ContextConfiguration nor @ContextHierarchy found for test class [com.siat.blueclub.persistence.RepositoryTest], using SpringBootContextLoader
2022-07-22 21:27:46.533  INFO 6631 --- [           main] o.s.t.c.support.AbstractContextLoader    : Could not detect default resource locations for test class [com.siat.blueclub.persistence.RepositoryTest]: no resource found for suffixes {-context.xml, Context.groovy}.
2022-07-22 21:27:46.533  INFO 6631 --- [           main] t.c.s.AnnotationConfigContextLoaderUtils : Could not detect default configuration classes for test class [com.siat.blueclub.persistence.RepositoryTest]: RepositoryTest does not declare any static, non-private, non-final, nested classes annotated with @Configuration.
2022-07-22 21:27:46.542  INFO 6631 --- [           main] .b.t.c.SpringBootTestContextBootstrapper : Found @SpringBootConfiguration com.siat.blueclub.BlueclubApplication for test class com.siat.blueclub.persistence.RepositoryTest
2022-07-22 21:27:46.545  INFO 6631 --- [           main] .b.t.c.SpringBootTestContextBootstrapper : Loaded default TestExecutionListener class names from location [META-INF/spring.factories]: [org.springframework.boot.test.mock.mockito.MockitoTestExecutionListener, org.springframework.boot.test.mock.mockito.ResetMocksTestExecutionListener, org.springframework.boot.test.autoconfigure.restdocs.RestDocsTestExecutionListener, org.springframework.boot.test.autoconfigure.web.client.MockRestServiceServerResetTestExecutionListener, org.springframework.boot.test.autoconfigure.web.servlet.MockMvcPrintOnlyOnFailureTestExecutionListener, org.springframework.boot.test.autoconfigure.web.servlet.WebDriverTestExecutionListener, org.springframework.boot.test.autoconfigure.webservices.client.MockWebServiceServerTestExecutionListener, org.springframework.test.context.web.ServletTestExecutionListener, org.springframework.test.context.support.DirtiesContextBeforeModesTestExecutionListener, org.springframework.test.context.event.ApplicationEventsTestExecutionListener, org.springframework.test.context.support.DependencyInjectionTestExecutionListener, org.springframework.test.context.support.DirtiesContextTestExecutionListener, org.springframework.test.context.transaction.TransactionalTestExecutionListener, org.springframework.test.context.jdbc.SqlScriptsTestExecutionListener, org.springframework.test.context.event.EventPublishingTestExecutionListener]
2022-07-22 21:27:46.545  INFO 6631 --- [           main] .b.t.c.SpringBootTestContextBootstrapper : Using TestExecutionListeners: [org.springframework.test.context.web.ServletTestExecutionListener@491f3fb0, org.springframework.test.context.support.DirtiesContextBeforeModesTestExecutionListener@3d0ce151, org.springframework.test.context.event.ApplicationEventsTestExecutionListener@58a0f75b, org.springframework.boot.test.mock.mockito.MockitoTestExecutionListener@2b569858, org.springframework.boot.test.autoconfigure.SpringBootDependencyInjectionTestExecutionListener@1b84d03d, org.springframework.test.context.support.DirtiesContextTestExecutionListener@41d8ac75, org.springframework.test.context.transaction.TransactionalTestExecutionListener@1e1d813a, org.springframework.test.context.jdbc.SqlScriptsTestExecutionListener@1964ef9, org.springframework.test.context.event.EventPublishingTestExecutionListener@3c2e73ce, org.springframework.boot.test.mock.mockito.ResetMocksTestExecutionListener@3891db3a, org.springframework.boot.test.autoconfigure.restdocs.RestDocsTestExecutionListener@4a778943, org.springframework.boot.test.autoconfigure.web.client.MockRestServiceServerResetTestExecutionListener@7925e772, org.springframework.boot.test.autoconfigure.web.servlet.MockMvcPrintOnlyOnFailureTestExecutionListener@365a4b9b, org.springframework.boot.test.autoconfigure.web.servlet.WebDriverTestExecutionListener@240e61, org.springframework.boot.test.autoconfigure.webservices.client.MockWebServiceServerTestExecutionListener@76efa2b7]
]]></system-out>
  </testcase>
</testsuite>